{"C:\\Users\\guild\\repos\\job-search\\src\\components\\navigation\\ProfileImage.vue": {"path":"C:\\Users\\guild\\repos\\job-search\\src\\components\\navigation\\ProfileImage.vue","statementMap":{"0":{"start":{"line":10,"column":15},"end":{"line":10,"column":null}},"1":{"start":{"line":13,"column":4},"end":{"line":13,"column":11}}},"fnMap":{"0":{"name":"(anonymous_0)","decl":{"start":{"line":12,"column":2},"end":{"line":12,"column":6}},"loc":{"start":{"line":12,"column":9},"end":{"line":17,"column":null}}}},"branchMap":{},"s":{"0":2,"1":1},"f":{"0":1},"b":{}}
,"C:\\Users\\guild\\repos\\job-search\\src\\components\\navigation\\Subnav.vue": {"path":"C:\\Users\\guild\\repos\\job-search\\src\\components\\navigation\\Subnav.vue","statementMap":{"0":{"start":{"line":16,"column":15},"end":{"line":16,"column":null}},"1":{"start":{"line":19,"column":4},"end":{"line":19,"column":11}}},"fnMap":{"0":{"name":"(anonymous_0)","decl":{"start":{"line":18,"column":2},"end":{"line":18,"column":6}},"loc":{"start":{"line":18,"column":9},"end":{"line":22,"column":null}}}},"branchMap":{},"s":{"0":2,"1":2},"f":{"0":2},"b":{}}
,"C:\\Users\\guild\\repos\\job-search\\src\\components\\shared\\ActionButton.vue": {"path":"C:\\Users\\guild\\repos\\job-search\\src\\components\\shared\\ActionButton.vue","statementMap":{"0":{"start":{"line":8,"column":15},"end":{"line":8,"column":null}},"1":{"start":{"line":19,"column":8},"end":{"line":19,"column":15}},"2":{"start":{"line":25,"column":6},"end":{"line":25,"column":13}}},"fnMap":{"0":{"name":"(anonymous_0)","decl":{"start":{"line":18,"column":6},"end":{"line":18,"column":15}},"loc":{"start":{"line":18,"column":23},"end":{"line":20,"column":null}}},"1":{"name":"(anonymous_1)","decl":{"start":{"line":24,"column":4},"end":{"line":24,"column":15}},"loc":{"start":{"line":24,"column":18},"end":{"line":28,"column":null}}}},"branchMap":{},"s":{"0":2,"1":8,"2":3},"f":{"0":8,"1":3},"b":{}}
,"C:\\Users\\guild\\repos\\job-search\\src\\components\\shared\\TextInput.vue": {"path":"C:\\Users\\guild\\repos\\job-search\\src\\components\\shared\\TextInput.vue","statementMap":{"0":{"start":{"line":12,"column":15},"end":{"line":12,"column":null}},"1":{"start":{"line":28,"column":6},"end":{"line":28,"column":11}}},"fnMap":{"0":{"name":"(anonymous_0)","decl":{"start":{"line":27,"column":4},"end":{"line":27,"column":15}},"loc":{"start":{"line":27,"column":24},"end":{"line":29,"column":null}}}},"branchMap":{},"s":{"0":1,"1":3},"f":{"0":3},"b":{}}
,"C:\\Users\\guild\\repos\\job-search\\src\\utils\\getNextElement.js": {"path":"C:\\Users\\guild\\repos\\job-search\\src\\utils\\getNextElement.js","statementMap":{"0":{"start":{"line":1,"column":23},"end":{"line":5,"column":1}},"1":{"start":{"line":2,"column":29},"end":{"line":2,"column":48}},"2":{"start":{"line":3,"column":26},"end":{"line":3,"column":64}},"3":{"start":{"line":4,"column":2},"end":{"line":4,"column":31}}},"fnMap":{"0":{"name":"(anonymous_0)","decl":{"start":{"line":1,"column":23},"end":{"line":1,"column":24}},"loc":{"start":{"line":1,"column":40},"end":{"line":5,"column":1}},"line":1}},"branchMap":{},"s":{"0":2,"1":5,"2":5,"3":5},"f":{"0":5},"b":{},"_coverageSchema":"1a1c01bbd47fc00a2c39e90264f33305004495a9","hash":"2ad7110d7022cc7efe4009d9e415dc269d1ba134"}
}
