TN:
SF:src\components\navigation\ProfileImage.vue
FN:12,(anonymous_0)
FNF:1
FNH:1
FNDA:1,(anonymous_0)
DA:10,2
DA:13,1
LF:2
LH:2
BRF:0
BRH:0
end_of_record
TN:
SF:src\components\navigation\Subnav.vue
FN:18,(anonymous_0)
FNF:1
FNH:1
FNDA:2,(anonymous_0)
DA:16,2
DA:19,2
LF:2
LH:2
BRF:0
BRH:0
end_of_record
TN:
SF:src\components\shared\ActionButton.vue
FN:18,(anonymous_0)
FN:24,(anonymous_1)
FNF:2
FNH:2
FNDA:8,(anonymous_0)
FNDA:3,(anonymous_1)
DA:8,2
DA:19,8
DA:25,3
LF:3
LH:3
BRF:0
BRH:0
end_of_record
TN:
SF:src\components\shared\TextInput.vue
FN:27,(anonymous_0)
FNF:1
FNH:1
FNDA:3,(anonymous_0)
DA:12,1
DA:28,3
LF:2
LH:2
BRF:0
BRH:0
end_of_record
TN:
SF:src\utils\getNextElement.js
FN:1,(anonymous_0)
FNF:1
FNH:1
FNDA:5,(anonymous_0)
DA:1,2
DA:2,5
DA:3,5
DA:4,5
LF:4
LH:4
BRF:0
BRH:0
end_of_record
